[2025-07-02 04:02:37] [INFO] ============================================================
[2025-07-02 04:02:37] [INFO] 开始数据预处理流程
[2025-07-02 04:02:37] [INFO] ============================================================
[2025-07-02 04:02:37] [INFO] 正在加载OULAD数据集...
[2025-07-02 04:02:37] [INFO] 已加载 assessments (206行, 6列)
[2025-07-02 04:02:37] [INFO] 已加载 courses (22行, 3列)
[2025-07-02 04:02:37] [INFO] 已加载 studentAssessment (173912行, 5列)
[2025-07-02 04:02:37] [INFO] 已加载 studentInfo (32593行, 12列)
[2025-07-02 04:02:37] [INFO] 已加载 studentRegistration (32593行, 5列)
[2025-07-02 04:02:42] [INFO] 已加载 studentVLE (10655280行, 6列)
[2025-07-02 04:02:42] [INFO] 已加载 vle (6364行, 6列)
[2025-07-02 04:02:42] [INFO] 合并数据集...
[2025-07-02 04:02:42] [INFO] 合并后数据集: 32593行, 15列
[2025-07-02 04:02:42] [INFO] 处理缺失值...
[2025-07-02 04:02:42] [INFO] 缺失值处理完成: 23677 -> 0
[2025-07-02 04:02:42] [INFO] 整合VLE交互数据...
[2025-07-02 04:02:49] [INFO] 整合后数据集: 31482行, 55列
[2025-07-02 04:02:49] [INFO] 处理极端值...
[2025-07-02 04:02:57] [INFO] 创建新特征...
[2025-07-02 04:02:57] [INFO] 新增特征: presentation_year, semester, total_clicks, total_active_days, avg_clicks_per_day, early_engagement_score
[2025-07-02 04:02:57] [INFO] 转换分类变量...
[2025-07-02 04:02:57] [INFO] 已编码: gender (2个类别)
[2025-07-02 04:02:57] [INFO] 已编码: code_presentation (4个类别)
[2025-07-02 04:02:57] [INFO] 已编码: region (13个类别)
[2025-07-02 04:02:57] [INFO] 已编码: highest_education (5个类别)
[2025-07-02 04:02:57] [INFO] 已编码: imd_band (10个类别)
[2025-07-02 04:02:57] [INFO] 已编码: age_band (3个类别)
[2025-07-02 04:02:57] [INFO] 已编码: disability (2个类别)
[2025-07-02 04:02:57] [INFO] 已编码: semester (1个类别)
[2025-07-02 04:02:57] [INFO] 已编码: code_module (7个类别)
[2025-07-02 04:02:57] [INFO] 已编码: final_result (4个类别)
[2025-07-02 04:02:58] [INFO] 已保存处理后的数据到: log/preprocess/processed_data.csv
[2025-07-02 04:02:58] [INFO] 最终数据集形状: (31482, 62)
[2025-07-02 04:02:58] [INFO] 准备建模数据...
[2025-07-02 04:02:58] [INFO] 训练集: 25185个样本, 测试集: 6297个样本
[2025-07-02 04:02:58] [INFO] 学业困难比例 - 总体: 53.45%, 训练集: 53.45%, 测试集: 53.45%
[2025-07-02 04:02:58] [INFO] 应用SMOTE平衡数据...
[2025-07-02 04:02:58] [INFO] 平衡后训练集: 26922个样本, 学业困难比例: 50.00%
[2025-07-02 04:02:58] [INFO] ============================================================
[2025-07-02 04:02:58] [INFO] 数据预处理完成
[2025-07-02 04:02:58] [INFO] ============================================================
